{"/home/secmoto/Documents/Secure_Cloud_Computing/src/Component/Drive/navbar.js": {"path":"/home/secmoto/Documents/Secure_Cloud_Computing/src/Component/Drive/navbar.js","statementMap":{"0":{"start":{"line":8,"column":2},"end":{"line":32,"column":4}}},"fnMap":{"0":{"name":"NavbarComponent","decl":{"start":{"line":7,"column":24},"end":{"line":7,"column":39}},"loc":{"start":{"line":7,"column":42},"end":{"line":33,"column":1}},"line":7}},"branchMap":{},"s":{"0":1},"f":{"0":1},"b":{},"_coverageSchema":"1a1c01bbd47fc00a2c39e90264f33305004495a9","hash":"b708e869192bbd03c40ede754893a5651183bf2b"}
}
